<?xml version="1.0" encoding="UTF-8"?>
<testsuite xmlns:xsi="http://www.w3.org/2001/XMLSchema-instance" xsi:noNamespaceSchemaLocation="https://maven.apache.org/surefire/maven-surefire-plugin/xsd/surefire-test-report-3.0.xsd" version="3.0" name="org.acme.quickstart.GreetingResourceTest" time="3.79" tests="1" errors="0" skipped="0" failures="0">
  <properties>
[...]
</properties>
  <testcase name="testHelloEndpoint" classname="org.acme.quickstart.GreetingResourceTest" time="0.788">
    <system-out><![CDATA[2020-11-25 17:57:43,129 INFO  [io.quarkus] (main) Quarkus 1.9.2.Final on JVM started in 1.306s. Listening on: http://0.0.0.0:8081
2020-11-25 17:57:43,130 INFO  [io.quarkus] (main) Profile test activated. 
2020-11-25 17:57:43,130 INFO  [io.quarkus] (main) Installed features: [cdi, kubernetes, resteasy]
]]></system-out>
  </testcase>
</testsuite>